Start testing: May 19 23:23 CST
----------------------------------------------------------
1/2 Testing: MatrixMultiplication.MultiChannelMultiplication
1/2 Test: MatrixMultiplication.MultiChannelMultiplication
Command: "/home/wyx/cs203/projects/project4 A Class to Describe a Matrix/src/build/main" "--gtest_filter=MatrixMultiplication.MultiChannelMultiplication" "--gtest_also_run_disabled_tests"
Directory: /home/wyx/cs203/projects/project4 A Class to Describe a Matrix/src/build
"MatrixMultiplication.MultiChannelMultiplication" start time: May 19 23:23 CST
Output:
----------------------------------------------------------
Running main() from /home/wyx/cs203/projects/project4 A Class to Describe a Matrix/src/build/_deps/googletest-src/googletest/src/gtest_main.cc
Note: Google Test filter = MatrixMultiplication.MultiChannelMultiplication
[==========] Running 1 test from 1 test suite.
[----------] Global test environment set-up.
[----------] 1 test from MatrixMultiplication
[ RUN      ] MatrixMultiplication.MultiChannelMultiplication
[       OK ] MatrixMultiplication.MultiChannelMultiplication (0 ms)
[----------] 1 test from MatrixMultiplication (0 ms total)

[----------] Global test environment tear-down
[==========] 1 test from 1 test suite ran. (0 ms total)
[  PASSED  ] 1 test.
<end of output>
Test time =   0.00 sec
----------------------------------------------------------
Test Passed.
"MatrixMultiplication.MultiChannelMultiplication" end time: May 19 23:23 CST
"MatrixMultiplication.MultiChannelMultiplication" time elapsed: 00:00:00
----------------------------------------------------------

2/2 Testing: MatrixMultiplication.ComplexMultiChannelMultiplication
2/2 Test: MatrixMultiplication.ComplexMultiChannelMultiplication
Command: "/home/wyx/cs203/projects/project4 A Class to Describe a Matrix/src/build/main" "--gtest_filter=MatrixMultiplication.ComplexMultiChannelMultiplication" "--gtest_also_run_disabled_tests"
Directory: /home/wyx/cs203/projects/project4 A Class to Describe a Matrix/src/build
"MatrixMultiplication.ComplexMultiChannelMultiplication" start time: May 19 23:23 CST
Output:
----------------------------------------------------------
Running main() from /home/wyx/cs203/projects/project4 A Class to Describe a Matrix/src/build/_deps/googletest-src/googletest/src/gtest_main.cc
Note: Google Test filter = MatrixMultiplication.ComplexMultiChannelMultiplication
[==========] Running 1 test from 1 test suite.
[----------] Global test environment set-up.
[----------] 1 test from MatrixMultiplication
[ RUN      ] MatrixMultiplication.ComplexMultiChannelMultiplication
[       OK ] MatrixMultiplication.ComplexMultiChannelMultiplication (0 ms)
[----------] 1 test from MatrixMultiplication (0 ms total)

[----------] Global test environment tear-down
[==========] 1 test from 1 test suite ran. (0 ms total)
[  PASSED  ] 1 test.
<end of output>
Test time =   0.00 sec
----------------------------------------------------------
Test Passed.
"MatrixMultiplication.ComplexMultiChannelMultiplication" end time: May 19 23:23 CST
"MatrixMultiplication.ComplexMultiChannelMultiplication" time elapsed: 00:00:00
----------------------------------------------------------

End testing: May 19 23:23 CST
